#! /usr/bin/vvp
:ivl_version "10.1 (stable)";
:ivl_delay_selection "TYPICAL";
:vpi_time_precision - 12;
:vpi_module "system";
:vpi_module "vhdl_sys";
:vpi_module "v2005_math";
:vpi_module "va_math";
S_0x7fffc24c7a50 .scope module, "counter_tp" "counter_tp" 2 3;
 .timescale -12 -12;
P_0x7fffc24c7bd0 .param/l "STEP" 0 2 7, +C4<00000000000000011000011010100000>;
v0x7fffc24e8160_0 .var "ck", 0 0;
v0x7fffc24e8230_0 .net "q", 3 0, v0x7fffc24e7f30_0;  1 drivers
v0x7fffc24e8300_0 .var "res", 0 0;
S_0x7fffc24c7c70 .scope module, "counter" "counter" 2 10, 3 2 0, S_0x7fffc24c7a50;
 .timescale -12 -12;
    .port_info 0 /INPUT 1 "ck"
    .port_info 1 /INPUT 1 "res"
    .port_info 2 /OUTPUT 4 "q"
v0x7fffc24c7eb0_0 .net "ck", 0 0, v0x7fffc24e8160_0;  1 drivers
v0x7fffc24e7f30_0 .var "q", 3 0;
v0x7fffc24e8010_0 .net "res", 0 0, v0x7fffc24e8300_0;  1 drivers
E_0x7fffc248bc00 .event posedge, v0x7fffc24e8010_0, v0x7fffc24c7eb0_0;
    .scope S_0x7fffc24c7c70;
T_0 ;
    %wait E_0x7fffc248bc00;
    %load/vec4 v0x7fffc24e8010_0;
    %cmpi/e 1, 0, 1;
    %jmp/0xz  T_0.0, 4;
    %pushi/vec4 0, 0, 4;
    %assign/vec4 v0x7fffc24e7f30_0, 0;
    %jmp T_0.1;
T_0.0 ;
    %load/vec4 v0x7fffc24e7f30_0;
    %addi 1, 0, 4;
    %assign/vec4 v0x7fffc24e7f30_0, 0;
T_0.1 ;
    %jmp T_0;
    .thread T_0;
    .scope S_0x7fffc24c7a50;
T_1 ;
    %pushi/vec4 0, 0, 1;
    %store/vec4 v0x7fffc24e8160_0, 0, 1;
    %delay 50000, 0;
    %pushi/vec4 1, 0, 1;
    %store/vec4 v0x7fffc24e8160_0, 0, 1;
    %delay 50000, 0;
    %jmp T_1;
    .thread T_1;
    .scope S_0x7fffc24c7a50;
T_2 ;
    %pushi/vec4 0, 0, 1;
    %store/vec4 v0x7fffc24e8300_0, 0, 1;
    %delay 100000, 0;
    %pushi/vec4 1, 0, 1;
    %store/vec4 v0x7fffc24e8300_0, 0, 1;
    %delay 100000, 0;
    %pushi/vec4 0, 0, 1;
    %store/vec4 v0x7fffc24e8300_0, 0, 1;
    %delay 2000000, 0;
    %vpi_call 2 22 "$finish" {0 0 0};
    %end;
    .thread T_2;
    .scope S_0x7fffc24c7a50;
T_3 ;
    %vpi_call 2 27 "$monitor", $stime, " ck=%b res=%b q=%h", v0x7fffc24e8160_0, v0x7fffc24e8300_0, v0x7fffc24e8230_0 {0 0 0};
    %vpi_call 2 28 "$dumpfile", "counter_tp.vcd" {0 0 0};
    %vpi_call 2 29 "$dumpvars", 32'sb00000000000000000000000000000000, S_0x7fffc24c7a50 {0 0 0};
    %end;
    .thread T_3;
# The file index is used to find the file name in the following table.
:file_names 4;
    "N/A";
    "<interactive>";
    "counter_tp.v";
    "counter.v";
